<?xml version="1.0" encoding="UTF-8"?>
<testng-results ignored="0" total="1" passed="1" failed="0" skipped="0">
  <reporter-output>
  </reporter-output>
  <suite started-at="2023-01-01T12:40:14 IST" name="Default suite" finished-at="2023-01-01T12:40:20 IST" duration-ms="6444">
    <groups>
    </groups>
    <test started-at="2023-01-01T12:40:14 IST" name="Default test" finished-at="2023-01-01T12:40:20 IST" duration-ms="6444">
      <class name="MavenProjPackage1.SampleTestNGTest1">
        <test-method is-config="true" signature="setBaseURL()[pri:0, instance:MavenProjPackage1.SampleTestNGTest1@4f7c0be3]" started-at="2023-01-01T12:40:14 IST" name="setBaseURL" finished-at="2023-01-01T12:40:20 IST" duration-ms="5502" status="PASS">
          <reporter-output>
          </reporter-output>
        </test-method> <!-- setBaseURL -->
        <test-method signature="verifyHomePageTitle()[pri:0, instance:MavenProjPackage1.SampleTestNGTest1@4f7c0be3]" started-at="2023-01-01T12:40:20 IST" name="verifyHomePageTitle" finished-at="2023-01-01T12:40:20 IST" duration-ms="33" status="PASS">
          <reporter-output>
          </reporter-output>
        </test-method> <!-- verifyHomePageTitle -->
        <test-method is-config="true" signature="endSession()[pri:0, instance:MavenProjPackage1.SampleTestNGTest1@4f7c0be3]" started-at="2023-01-01T12:40:20 IST" name="endSession" finished-at="2023-01-01T12:40:20 IST" duration-ms="760" status="PASS">
          <reporter-output>
          </reporter-output>
        </test-method> <!-- endSession -->
      </class> <!-- MavenProjPackage1.SampleTestNGTest1 -->
    </test> <!-- Default test -->
  </suite> <!-- Default suite -->
</testng-results>
